[INFO] Scanning for projects...
[INFO] 
[INFO] --------------------< com.carbontrack:carbontrack >---------------------
[INFO] Building carbontrack 0.0.1-SNAPSHOT
[INFO]   from pom.xml
[INFO] --------------------------------[ jar ]---------------------------------
[INFO] 
[INFO] >>> spring-boot:4.1.0:run (default-cli) > test-compile @ carbontrack >>>
[INFO] 
[INFO] --- resources:3.5.0:resources (default-resources) @ carbontrack ---
[INFO] Copying 1 resource from src\main\resources to target\classes
[INFO] Copying 20 resources from src\main\resources to target\classes
[INFO] 
[INFO] --- compiler:3.15.0:compile (default-compile) @ carbontrack ---
[INFO] Nothing to compile - all classes are up to date.
[INFO] 
[INFO] --- resources:3.5.0:testResources (default-testResources) @ carbontrack ---
[INFO] skip non existing resourceDirectory C:\Carbon_Track_Server\Carbontrack-server\carbontrack\src\test\resources
[INFO] 
[INFO] --- compiler:3.15.0:testCompile (default-testCompile) @ carbontrack ---
[INFO] Nothing to compile - all classes are up to date.
[INFO] 
[INFO] <<< spring-boot:4.1.0:run (default-cli) < test-compile @ carbontrack <<<
[INFO] 
[INFO] 
[INFO] --- spring-boot:4.1.0:run (default-cli) @ carbontrack ---
[INFO] Attaching agents: []

  .   ____          _            __ _ _
 /\\ / ___'_ __ _ _(_)_ __  __ _ \ \ \ \
( ( )\___ | '_ | '_| | '_ \/ _` | \ \ \ \
 \\/  ___)| |_)| | | | | || (_| |  ) ) ) )
  '  |____| .__|_| |_|_| |_\__, | / / / /
 =========|_|==============|___/=/_/_/_/

 :: Spring Boot ::                (v4.1.0)

2026-07-17T02:18:09.953+05:30  INFO 15052 --- [carbontrack] [           main] c.c.carbontrack.CarbontrackApplication   : Starting CarbontrackApplication using Java 21.0.11 with PID 15052 (C:\Carbon_Track_Server\Carbontrack-server\carbontrack\target\classes started by user in C:\Carbon_Track_Server\Carbontrack-server\carbontrack)
2026-07-17T02:18:09.969+05:30  INFO 15052 --- [carbontrack] [           main] c.c.carbontrack.CarbontrackApplication   : No active profile set, falling back to 1 default profile: "default"
2026-07-17T02:18:13.841+05:30  INFO 15052 --- [carbontrack] [           main] .s.d.r.c.RepositoryConfigurationDelegate : Multiple Spring Data modules found, entering strict repository configuration mode
2026-07-17T02:18:13.846+05:30  INFO 15052 --- [carbontrack] [           main] .s.d.r.c.RepositoryConfigurationDelegate : Bootstrapping Spring Data JPA repositories in DEFAULT mode.
2026-07-17T02:18:14.293+05:30  INFO 15052 --- [carbontrack] [           main] .s.d.r.c.RepositoryConfigurationDelegate : Finished Spring Data repository scanning in 424 ms. Found 9 JPA repository interfaces.
2026-07-17T02:18:14.402+05:30  INFO 15052 --- [carbontrack] [           main] .s.d.r.c.RepositoryConfigurationDelegate : Multiple Spring Data modules found, entering strict repository configuration mode
2026-07-17T02:18:14.403+05:30  INFO 15052 --- [carbontrack] [           main] .s.d.r.c.RepositoryConfigurationDelegate : Bootstrapping Spring Data Redis repositories in DEFAULT mode.
2026-07-17T02:18:14.453+05:30  INFO 15052 --- [carbontrack] [           main] .RepositoryConfigurationExtensionSupport : Spring Data Redis - Could not safely identify store assignment for repository candidate interface com.carbontrack.carbontrack.repository.ActivityRepository; If you want this repository to be a Redis repository, consider annotating your entities with one of these annotations: org.springframework.data.redis.core.RedisHash (preferred), or consider extending one of the following types with your repository: org.springframework.data.keyvalue.repository.KeyValueRepository
2026-07-17T02:18:14.453+05:30  INFO 15052 --- [carbontrack] [           main] .RepositoryConfigurationExtensionSupport : Spring Data Redis - Could not safely identify store assignment for repository candidate interface com.carbontrack.carbontrack.repository.BadgeRepository; If you want this repository to be a Redis repository, consider annotating your entities with one of these annotations: org.springframework.data.redis.core.RedisHash (preferred), or consider extending one of the following types with your repository: org.springframework.data.keyvalue.repository.KeyValueRepository
2026-07-17T02:18:14.453+05:30  INFO 15052 --- [carbontrack] [           main] .RepositoryConfigurationExtensionSupport : Spring Data Redis - Could not safely identify store assignment for repository candidate interface com.carbontrack.carbontrack.repository.EmissionFactorRepository; If you want this repository to be a Redis repository, consider annotating your entities with one of these annotations: org.springframework.data.redis.core.RedisHash (preferred), or consider extending one of the following types with your repository: org.springframework.data.keyvalue.repository.KeyValueRepository
2026-07-17T02:18:14.453+05:30  INFO 15052 --- [carbontrack] [           main] .RepositoryConfigurationExtensionSupport : Spring Data Redis - Could not safely identify store assignment for repository candidate interface com.carbontrack.carbontrack.repository.GoalRepository; If you want this repository to be a Redis repository, consider annotating your entities with one of these annotations: org.springframework.data.redis.core.RedisHash (preferred), or consider extending one of the following types with your repository: org.springframework.data.keyvalue.repository.KeyValueRepository
2026-07-17T02:18:14.457+05:30  INFO 15052 --- [carbontrack] [           main] .RepositoryConfigurationExtensionSupport : Spring Data Redis - Could not safely identify store assignment for repository candidate interface com.carbontrack.carbontrack.repository.OrganisationChallengeRepository; If you want this repository to be a Redis repository, consider annotating your entities with one of these annotations: org.springframework.data.redis.core.RedisHash (preferred), or consider extending one of the following types with your repository: org.springframework.data.keyvalue.repository.KeyValueRepository
2026-07-17T02:18:14.458+05:30  INFO 15052 --- [carbontrack] [           main] .RepositoryConfigurationExtensionSupport : Spring Data Redis - Could not safely identify store assignment for repository candidate interface com.carbontrack.carbontrack.repository.OrganisationGoalRepository; If you want this repository to be a Redis repository, consider annotating your entities with one of these annotations: org.springframework.data.redis.core.RedisHash (preferred), or consider extending one of the following types with your repository: org.springframework.data.keyvalue.repository.KeyValueRepository
2026-07-17T02:18:14.459+05:30  INFO 15052 --- [carbontrack] [           main] .RepositoryConfigurationExtensionSupport : Spring Data Redis - Could not safely identify store assignment for repository candidate interface com.carbontrack.carbontrack.repository.OrganisationInviteRepository; If you want this repository to be a Redis repository, consider annotating your entities with one of these annotations: org.springframework.data.redis.core.RedisHash (preferred), or consider extending one of the following types with your repository: org.springframework.data.keyvalue.repository.KeyValueRepository
2026-07-17T02:18:14.460+05:30  INFO 15052 --- [carbontrack] [           main] .RepositoryConfigurationExtensionSupport : Spring Data Redis - Could not safely identify store assignment for repository candidate interface com.carbontrack.carbontrack.repository.UserBadgeRepository; If you want this repository to be a Redis repository, consider annotating your entities with one of these annotations: org.springframework.data.redis.core.RedisHash (preferred), or consider extending one of the following types with your repository: org.springframework.data.keyvalue.repository.KeyValueRepository
2026-07-17T02:18:14.460+05:30  INFO 15052 --- [carbontrack] [           main] .RepositoryConfigurationExtensionSupport : Spring Data Redis - Could not safely identify store assignment for repository candidate interface com.carbontrack.carbontrack.repository.UserRepository; If you want this repository to be a Redis repository, consider annotating your entities with one of these annotations: org.springframework.data.redis.core.RedisHash (preferred), or consider extending one of the following types with your repository: org.springframework.data.keyvalue.repository.KeyValueRepository
2026-07-17T02:18:14.461+05:30  INFO 15052 --- [carbontrack] [           main] .s.d.r.c.RepositoryConfigurationDelegate : Finished Spring Data repository scanning in 31 ms. Found 0 Redis repository interfaces.
2026-07-17T02:18:16.616+05:30  INFO 15052 --- [carbontrack] [           main] o.s.boot.tomcat.TomcatWebServer          : Tomcat initialized with port 8080 (http)
2026-07-17T02:18:16.713+05:30  INFO 15052 --- [carbontrack] [           main] o.apache.catalina.core.StandardService   : Starting service [Tomcat]
2026-07-17T02:18:16.720+05:30  INFO 15052 --- [carbontrack] [           main] o.apache.catalina.core.StandardEngine    : Starting Servlet engine: [Apache Tomcat/11.0.22]
2026-07-17T02:18:17.026+05:30  INFO 15052 --- [carbontrack] [           main] b.w.c.s.WebApplicationContextInitializer : Root WebApplicationContext: initialization completed in 6807 ms
2026-07-17T02:18:17.821+05:30  INFO 15052 --- [carbontrack] [           main] com.zaxxer.hikari.HikariDataSource       : HikariPool-1 - Starting...
2026-07-17T02:18:18.770+05:30  INFO 15052 --- [carbontrack] [           main] com.zaxxer.hikari.pool.HikariPool        : HikariPool-1 - Added connection org.postgresql.jdbc.PgConnection@7657d90b
2026-07-17T02:18:18.776+05:30  INFO 15052 --- [carbontrack] [           main] com.zaxxer.hikari.HikariDataSource       : HikariPool-1 - Start completed.
2026-07-17T02:18:18.886+05:30  INFO 15052 --- [carbontrack] [           main] org.flywaydb.core.FlywayExecutor         : Database: jdbc:postgresql://localhost:5432/carbontrack (PostgreSQL 17.10)
2026-07-17T02:18:19.344+05:30  INFO 15052 --- [carbontrack] [           main] o.f.core.internal.command.DbValidate     : Successfully validated 15 migrations (execution time 00:00.209s)
2026-07-17T02:18:19.398+05:30  INFO 15052 --- [carbontrack] [           main] o.f.core.internal.command.DbMigrate      : Current version of schema "public": 14
2026-07-17T02:18:19.475+05:30  INFO 15052 --- [carbontrack] [           main] o.f.core.internal.command.DbMigrate      : Migrating schema "public" to version "15 - alter organisation tables org id to bigint"
2026-07-17T02:18:19.719+05:30  INFO 15052 --- [carbontrack] [           main] o.f.core.internal.command.DbMigrate      : Successfully applied 1 migration to schema "public", now at version v15 (execution time 00:00.122s)
2026-07-17T02:18:20.311+05:30  INFO 15052 --- [carbontrack] [           main] org.hibernate.orm.jpa                    : HHH008540: Processing PersistenceUnitInfo [name: default]
2026-07-17T02:18:20.564+05:30  INFO 15052 --- [carbontrack] [           main] org.hibernate.orm.core                   : HHH000001: Hibernate ORM core version 7.4.1.Final
2026-07-17T02:18:22.502+05:30  INFO 15052 --- [carbontrack] [           main] o.s.o.j.p.SpringPersistenceUnitInfo      : No LoadTimeWeaver setup: ignoring JPA class transformer
2026-07-17T02:18:22.797+05:30  INFO 15052 --- [carbontrack] [           main] org.hibernate.orm.connections.pooling    : HHH10001005: Database info:
	Database JDBC URL [jdbc:postgresql://localhost:5432/carbontrack]
	Database driver: PostgreSQL JDBC Driver
	Database dialect: PostgreSQLDialect
	Database version: 17.10
	Default catalog/schema: carbontrack/public
	Autocommit mode: undefined/unknown
	Isolation level: READ_COMMITTED [default READ_COMMITTED]
	JDBC fetch size: none
	Pool: DataSourceConnectionProvider
	Minimum pool size: undefined/unknown
	Maximum pool size: undefined/unknown
2026-07-17T02:18:27.341+05:30  INFO 15052 --- [carbontrack] [           main] org.hibernate.orm.core                   : HHH000489: No JTA platform available (set 'hibernate.transaction.jta.platform' to enable JTA platform integration)
2026-07-17T02:18:27.476+05:30  INFO 15052 --- [carbontrack] [           main] j.LocalContainerEntityManagerFactoryBean : Initialized JPA EntityManagerFactory for persistence unit 'default'
2026-07-17T02:18:27.685+05:30  INFO 15052 --- [carbontrack] [           main] o.s.d.j.r.query.QueryEnhancerFactories   : Hibernate is in classpath; If applicable, HQL parser will be used.
2026-07-17T02:18:32.369+05:30  INFO 15052 --- [carbontrack] [           main] eAuthenticationProviderManagerConfigurer : Global AuthenticationManager configured with AuthenticationProvider bean with name authenticationProvider
2026-07-17T02:18:32.371+05:30  WARN 15052 --- [carbontrack] [           main] r$InitializeUserDetailsManagerConfigurer : Global AuthenticationManager configured with an AuthenticationProvider bean. UserDetailsService beans will not be used by Spring Security for automatically configuring username/password login. Consider removing the AuthenticationProvider bean. Alternatively, consider using the UserDetailsService in a manually instantiated DaoAuthenticationProvider. If the current configuration is intentional, to turn off this warning, increase the logging level of 'org.springframework.security.config.annotation.authentication.configuration.InitializeUserDetailsBeanManagerConfigurer' to ERROR
2026-07-17T02:18:34.274+05:30  WARN 15052 --- [carbontrack] [           main] JpaBaseConfiguration$JpaWebConfiguration : spring.jpa.open-in-view is enabled by default. Therefore, database queries may be performed during view rendering. Explicitly configure spring.jpa.open-in-view to disable this warning
2026-07-17T02:18:35.674+05:30  INFO 15052 --- [carbontrack] [           main] o.s.b.w.a.WelcomePageHandlerMapping      : Adding welcome page: class path resource [static/index.html]
2026-07-17T02:18:39.290+05:30  INFO 15052 --- [carbontrack] [           main] o.s.boot.tomcat.TomcatWebServer          : Tomcat started on port 8080 (http) with context path '/'
2026-07-17T02:18:39.317+05:30  INFO 15052 --- [carbontrack] [           main] c.c.carbontrack.CarbontrackApplication   : Started CarbontrackApplication in 31.23 seconds (process running for 33.377)
2026-07-17T02:24:41.578+05:30  INFO 15052 --- [carbontrack] [nio-8080-exec-1] o.a.c.c.C.[Tomcat].[localhost].[/]       : Initializing Spring DispatcherServlet 'dispatcherServlet'
2026-07-17T02:24:41.585+05:30  INFO 15052 --- [carbontrack] [nio-8080-exec-1] o.s.web.servlet.DispatcherServlet        : Initializing Servlet 'dispatcherServlet'
2026-07-17T02:24:41.601+05:30  INFO 15052 --- [carbontrack] [nio-8080-exec-1] o.s.web.servlet.DispatcherServlet        : Completed initialization in 14 ms
Hibernate: 
    select
        u1_0.id,
        u1_0.department,
        u1_0.email,
        u1_0.goal_visibility,
        u1_0.name,
        u1_0.org_id,
        u1_0.password,
        u1_0.preferred_units,
        u1_0.role 
    from
        users u1_0 
    where
        u1_0.email=?
Hibernate: 
    select
        u1_0.id,
        u1_0.department,
        u1_0.email,
        u1_0.goal_visibility,
        u1_0.name,
        u1_0.org_id,
        u1_0.password,
        u1_0.preferred_units,
        u1_0.role 
    from
        users u1_0 
    where
        u1_0.email=?
Hibernate: 
    select
        u1_0.id,
        u1_0.department,
        u1_0.email,
        u1_0.goal_visibility,
        u1_0.name,
        u1_0.org_id,
        u1_0.password,
        u1_0.preferred_units,
        u1_0.role 
    from
        users u1_0 
    where
        u1_0.email=?
Hibernate: 
    select
        u1_0.id,
        u1_0.department,
        u1_0.email,
        u1_0.goal_visibility,
        u1_0.name,
        u1_0.org_id,
        u1_0.password,
        u1_0.preferred_units,
        u1_0.role 
    from
        users u1_0 
    where
        u1_0.email=?
Hibernate: 
    select
        u1_0.id,
        u1_0.department,
        u1_0.email,
        u1_0.goal_visibility,
        u1_0.name,
        u1_0.org_id,
        u1_0.password,
        u1_0.preferred_units,
        u1_0.role 
    from
        users u1_0 
    where
        u1_0.email=?
Hibernate: 
    select
        u1_0.id,
        u1_0.department,
        u1_0.email,
        u1_0.goal_visibility,
        u1_0.name,
        u1_0.org_id,
        u1_0.password,
        u1_0.preferred_units,
        u1_0.role 
    from
        users u1_0 
    where
        u1_0.email=?
Hibernate: 
    select
        u1_0.id,
        u1_0.department,
        u1_0.email,
        u1_0.goal_visibility,
        u1_0.name,
        u1_0.org_id,
        u1_0.password,
        u1_0.preferred_units,
        u1_0.role 
    from
        users u1_0 
    where
        u1_0.email=?
Hibernate: 
    select
        u1_0.id,
        u1_0.department,
        u1_0.email,
        u1_0.goal_visibility,
        u1_0.name,
        u1_0.org_id,
        u1_0.password,
        u1_0.preferred_units,
        u1_0.role 
    from
        users u1_0 
    where
        u1_0.email=?
Hibernate: 
    select
        u1_0.id,
        u1_0.department,
        u1_0.email,
        u1_0.goal_visibility,
        u1_0.name,
        u1_0.org_id,
        u1_0.password,
        u1_0.preferred_units,
        u1_0.role 
    from
        users u1_0 
    where
        u1_0.email=?
Hibernate: 
    select
        u1_0.id,
        u1_0.department,
        u1_0.email,
        u1_0.goal_visibility,
        u1_0.name,
        u1_0.org_id,
        u1_0.password,
        u1_0.preferred_units,
        u1_0.role 
    from
        users u1_0 
    where
        u1_0.email=?
Hibernate: 
    select
        u1_0.id,
        u1_0.department,
        u1_0.email,
        u1_0.goal_visibility,
        u1_0.name,
        u1_0.org_id,
        u1_0.password,
        u1_0.preferred_units,
        u1_0.role 
    from
        users u1_0 
    where
        u1_0.email=?
Hibernate: 
    select
        g1_0.id,
        g1_0.created_at,
        g1_0.current_value,
        g1_0.end_date,
        g1_0.goal_name,
        g1_0.start_date,
        g1_0.status,
        g1_0.target_value,
        g1_0.unit,
        g1_0.user_id 
    from
        goals g1_0 
    where
        g1_0.user_id=?
Hibernate: 
    select
        u1_0.id,
        u1_0.department,
        u1_0.email,
        u1_0.goal_visibility,
        u1_0.name,
        u1_0.org_id,
        u1_0.password,
        u1_0.preferred_units,
        u1_0.role 
    from
        users u1_0 
    where
        u1_0.email=?
Hibernate: 
    select
        al1_0.id,
        al1_0.activity_type,
        al1_0.category,
        al1_0.created_at,
        al1_0.emission,
        al1_0.log_date,
        al1_0.quantity,
        al1_0.unit,
        al1_0.user_id 
    from
        activity_logs al1_0 
    where
        al1_0.user_id=? 
    order by
        al1_0.log_date desc
Hibernate: 
    select
        coalesce(sum(al1_0.emission), 0) 
    from
        activity_logs al1_0 
    where
        al1_0.user_id=? 
        and al1_0.log_date>=?
Hibernate: 
    select
        u1_0.id,
        u1_0.department,
        u1_0.email,
        u1_0.goal_visibility,
        u1_0.name,
        u1_0.org_id,
        u1_0.password,
        u1_0.preferred_units,
        u1_0.role 
    from
        users u1_0 
    where
        u1_0.email=?
Hibernate: 
    select
        al1_0.category,
        coalesce(sum(al1_0.emission), 0) 
    from
        activity_logs al1_0 
    where
        al1_0.user_id=? 
        and al1_0.log_date>=? 
    group by
        al1_0.category
Hibernate: 
    select
        u1_0.id,
        u1_0.department,
        u1_0.email,
        u1_0.goal_visibility,
        u1_0.name,
        u1_0.org_id,
        u1_0.password,
        u1_0.preferred_units,
        u1_0.role 
    from
        users u1_0 
    where
        u1_0.email=?
Hibernate: 
    select
        g1_0.id,
        g1_0.created_at,
        g1_0.current_value,
        g1_0.end_date,
        g1_0.goal_name,
        g1_0.start_date,
        g1_0.status,
        g1_0.target_value,
        g1_0.unit,
        g1_0.user_id 
    from
        goals g1_0 
    where
        g1_0.user_id=?
Hibernate: 
    select
        u1_0.id,
        u1_0.department,
        u1_0.email,
        u1_0.goal_visibility,
        u1_0.name,
        u1_0.org_id,
        u1_0.password,
        u1_0.preferred_units,
        u1_0.role 
    from
        users u1_0 
    where
        u1_0.email=?
Hibernate: 
    select
        u1_0.id,
        u1_0.department,
        u1_0.email,
        u1_0.goal_visibility,
        u1_0.name,
        u1_0.org_id,
        u1_0.password,
        u1_0.preferred_units,
        u1_0.role 
    from
        users u1_0 
    where
        u1_0.email=?
Hibernate: 
    select
        u1_0.id,
        u1_0.department,
        u1_0.email,
        u1_0.goal_visibility,
        u1_0.name,
        u1_0.org_id,
        u1_0.password,
        u1_0.preferred_units,
        u1_0.role 
    from
        users u1_0 
    where
        u1_0.email=?
Hibernate: 
    select
        al1_0.id,
        al1_0.activity_type,
        al1_0.category,
        al1_0.created_at,
        al1_0.emission,
        al1_0.log_date,
        al1_0.quantity,
        al1_0.unit,
        al1_0.user_id 
    from
        activity_logs al1_0 
    where
        al1_0.user_id=? 
    order by
        al1_0.log_date desc
Hibernate: 
    select
        u1_0.id,
        u1_0.department,
        u1_0.email,
        u1_0.goal_visibility,
        u1_0.name,
        u1_0.org_id,
        u1_0.password,
        u1_0.preferred_units,
        u1_0.role 
    from
        users u1_0 
    where
        u1_0.email=?
Hibernate: 
    select
        u1_0.id,
        u1_0.department,
        u1_0.email,
        u1_0.goal_visibility,
        u1_0.name,
        u1_0.org_id,
        u1_0.password,
        u1_0.preferred_units,
        u1_0.role 
    from
        users u1_0 
    where
        u1_0.email=?
Hibernate: 
    select
        u1_0.id,
        u1_0.department,
        u1_0.email,
        u1_0.goal_visibility,
        u1_0.name,
        u1_0.org_id,
        u1_0.password,
        u1_0.preferred_units,
        u1_0.role 
    from
        users u1_0 
    where
        u1_0.email=?
Hibernate: 
    select
        u1_0.id,
        u1_0.department,
        u1_0.email,
        u1_0.goal_visibility,
        u1_0.name,
        u1_0.org_id,
        u1_0.password,
        u1_0.preferred_units,
        u1_0.role 
    from
        users u1_0 
    where
        u1_0.email=?
Hibernate: 
    select
        u1_0.id,
        u1_0.department,
        u1_0.email,
        u1_0.goal_visibility,
        u1_0.name,
        u1_0.org_id,
        u1_0.password,
        u1_0.preferred_units,
        u1_0.role 
    from
        users u1_0 
    where
        u1_0.email=?
Hibernate: 
    select
        u1_0.id,
        u1_0.department,
        u1_0.email,
        u1_0.goal_visibility,
        u1_0.name,
        u1_0.org_id,
        u1_0.password,
        u1_0.preferred_units,
        u1_0.role 
    from
        users u1_0 
    where
        u1_0.email=?
Hibernate: 
    select
        u1_0.id,
        u1_0.department,
        u1_0.email,
        u1_0.goal_visibility,
        u1_0.name,
        u1_0.org_id,
        u1_0.password,
        u1_0.preferred_units,
        u1_0.role 
    from
        users u1_0 
    where
        u1_0.email=?
Hibernate: 
    select
        u1_0.id,
        u1_0.department,
        u1_0.email,
        u1_0.goal_visibility,
        u1_0.name,
        u1_0.org_id,
        u1_0.password,
        u1_0.preferred_units,
        u1_0.role 
    from
        users u1_0 
    where
        u1_0.email=?
Hibernate: 
    select
        u1_0.id,
        u1_0.department,
        u1_0.email,
        u1_0.goal_visibility,
        u1_0.name,
        u1_0.org_id,
        u1_0.password,
        u1_0.preferred_units,
        u1_0.role 
    from
        users u1_0 
    where
        u1_0.email=?
Hibernate: 
    select
        u1_0.id,
        u1_0.department,
        u1_0.email,
        u1_0.goal_visibility,
        u1_0.name,
        u1_0.org_id,
        u1_0.password,
        u1_0.preferred_units,
        u1_0.role 
    from
        users u1_0 
    where
        u1_0.email=?
Hibernate: 
    select
        u1_0.id,
        u1_0.department,
        u1_0.email,
        u1_0.goal_visibility,
        u1_0.name,
        u1_0.org_id,
        u1_0.password,
        u1_0.preferred_units,
        u1_0.role 
    from
        users u1_0 
    where
        u1_0.email=?
Hibernate: 
    select
        u1_0.id,
        u1_0.department,
        u1_0.email,
        u1_0.goal_visibility,
        u1_0.name,
        u1_0.org_id,
        u1_0.password,
        u1_0.preferred_units,
        u1_0.role 
    from
        users u1_0 
    where
        u1_0.email=?
Hibernate: 
    select
        u1_0.id,
        u1_0.department,
        u1_0.email,
        u1_0.goal_visibility,
        u1_0.name,
        u1_0.org_id,
        u1_0.password,
        u1_0.preferred_units,
        u1_0.role 
    from
        users u1_0 
    where
        u1_0.email=?
Hibernate: 
    select
        u1_0.id,
        u1_0.department,
        u1_0.email,
        u1_0.goal_visibility,
        u1_0.name,
        u1_0.org_id,
        u1_0.password,
        u1_0.preferred_units,
        u1_0.role 
    from
        users u1_0 
    where
        u1_0.email=?
Hibernate: 
    select
        u1_0.id,
        u1_0.department,
        u1_0.email,
        u1_0.goal_visibility,
        u1_0.name,
        u1_0.org_id,
        u1_0.password,
        u1_0.preferred_units,
        u1_0.role 
    from
        users u1_0 
    where
        u1_0.email=?
Hibernate: 
    select
        u1_0.id,
        u1_0.department,
        u1_0.email,
        u1_0.goal_visibility,
        u1_0.name,
        u1_0.org_id,
        u1_0.password,
        u1_0.preferred_units,
        u1_0.role 
    from
        users u1_0 
    where
        u1_0.email=?
Hibernate: 
    select
        al1_0.id,
        al1_0.activity_type,
        al1_0.category,
        al1_0.created_at,
        al1_0.emission,
        al1_0.log_date,
        al1_0.quantity,
        al1_0.unit,
        al1_0.user_id 
    from
        activity_logs al1_0 
    where
        al1_0.user_id=? 
    order by
        al1_0.log_date desc
Hibernate: 
    select
        u1_0.id,
        u1_0.department,
        u1_0.email,
        u1_0.goal_visibility,
        u1_0.name,
        u1_0.org_id,
        u1_0.password,
        u1_0.preferred_units,
        u1_0.role 
    from
        users u1_0 
    where
        u1_0.email=?
Hibernate: 
    select
        u1_0.id,
        u1_0.department,
        u1_0.email,
        u1_0.goal_visibility,
        u1_0.name,
        u1_0.org_id,
        u1_0.password,
        u1_0.preferred_units,
        u1_0.role 
    from
        users u1_0 
    where
        u1_0.email=?
Hibernate: 
    select
        u1_0.id,
        u1_0.department,
        u1_0.email,
        u1_0.goal_visibility,
        u1_0.name,
        u1_0.org_id,
        u1_0.password,
        u1_0.preferred_units,
        u1_0.role 
    from
        users u1_0 
    where
        u1_0.email=?
Hibernate: 
    select
        u1_0.id,
        u1_0.department,
        u1_0.email,
        u1_0.goal_visibility,
        u1_0.name,
        u1_0.org_id,
        u1_0.password,
        u1_0.preferred_units,
        u1_0.role 
    from
        users u1_0 
    where
        u1_0.email=?
Hibernate: 
    select
        g1_0.id,
        g1_0.created_at,
        g1_0.current_value,
        g1_0.end_date,
        g1_0.goal_name,
        g1_0.start_date,
        g1_0.status,
        g1_0.target_value,
        g1_0.unit,
        g1_0.user_id 
    from
        goals g1_0 
    where
        g1_0.user_id=?
Hibernate: 
    select
        u1_0.id,
        u1_0.department,
        u1_0.email,
        u1_0.goal_visibility,
        u1_0.name,
        u1_0.org_id,
        u1_0.password,
        u1_0.preferred_units,
        u1_0.role 
    from
        users u1_0 
    where
        u1_0.email=?
Hibernate: 
    select
        u1_0.id,
        u1_0.department,
        u1_0.email,
        u1_0.goal_visibility,
        u1_0.name,
        u1_0.org_id,
        u1_0.password,
        u1_0.preferred_units,
        u1_0.role 
    from
        users u1_0 
    where
        u1_0.email=?
Hibernate: 
    select
        al1_0.id,
        al1_0.activity_type,
        al1_0.category,
        al1_0.created_at,
        al1_0.emission,
        al1_0.log_date,
        al1_0.quantity,
        al1_0.unit,
        al1_0.user_id 
    from
        activity_logs al1_0 
    where
        al1_0.user_id=? 
    order by
        al1_0.log_date desc
Hibernate: 
    select
        u1_0.id,
        u1_0.department,
        u1_0.email,
        u1_0.goal_visibility,
        u1_0.name,
        u1_0.org_id,
        u1_0.password,
        u1_0.preferred_units,
        u1_0.role 
    from
        users u1_0 
    where
        u1_0.email=?
Hibernate: 
    select
        u1_0.id,
        u1_0.department,
        u1_0.email,
        u1_0.goal_visibility,
        u1_0.name,
        u1_0.org_id,
        u1_0.password,
        u1_0.preferred_units,
        u1_0.role 
    from
        users u1_0 
    where
        u1_0.email=?
Hibernate: 
    select
        g1_0.id,
        g1_0.created_at,
        g1_0.current_value,
        g1_0.end_date,
        g1_0.goal_name,
        g1_0.start_date,
        g1_0.status,
        g1_0.target_value,
        g1_0.unit,
        g1_0.user_id 
    from
        goals g1_0 
    where
        g1_0.user_id=?
Hibernate: 
    select
        u1_0.id,
        u1_0.department,
        u1_0.email,
        u1_0.goal_visibility,
        u1_0.name,
        u1_0.org_id,
        u1_0.password,
        u1_0.preferred_units,
        u1_0.role 
    from
        users u1_0 
    where
        u1_0.email=?
Hibernate: 
    select
        u1_0.id,
        u1_0.department,
        u1_0.email,
        u1_0.goal_visibility,
        u1_0.name,
        u1_0.org_id,
        u1_0.password,
        u1_0.preferred_units,
        u1_0.role 
    from
        users u1_0 
    where
        u1_0.email=?
Hibernate: 
    select
        u1_0.id,
        u1_0.department,
        u1_0.email,
        u1_0.goal_visibility,
        u1_0.name,
        u1_0.org_id,
        u1_0.password,
        u1_0.preferred_units,
        u1_0.role 
    from
        users u1_0 
    where
        u1_0.email=?
Hibernate: 
    select
        u1_0.id,
        u1_0.department,
        u1_0.email,
        u1_0.goal_visibility,
        u1_0.name,
        u1_0.org_id,
        u1_0.password,
        u1_0.preferred_units,
        u1_0.role 
    from
        users u1_0 
    where
        u1_0.email=?
2026-07-17T02:26:43.093+05:30  INFO 15052 --- [carbontrack] [nio-8080-exec-9] c.c.carbontrack.service.OtpService       : Generated new OTP for praveen906630@gmail.com
2026-07-17T02:26:49.746+05:30  INFO 15052 --- [carbontrack] [nio-8080-exec-9] c.c.carbontrack.service.EmailService     : Successfully dispatched OTP email to praveen906630@gmail.com
2026-07-17T02:27:10.364+05:30  INFO 15052 --- [carbontrack] [nio-8080-exec-4] c.c.carbontrack.service.OtpService       : OTP successfully validated for praveen906630@gmail.com
Hibernate: 
    select
        u1_0.id,
        u1_0.department,
        u1_0.email,
        u1_0.goal_visibility,
        u1_0.name,
        u1_0.org_id,
        u1_0.password,
        u1_0.preferred_units,
        u1_0.role 
    from
        users u1_0 
    where
        u1_0.email=?
Hibernate: 
    select
        u1_0.id,
        u1_0.department,
        u1_0.email,
        u1_0.goal_visibility,
        u1_0.name,
        u1_0.org_id,
        u1_0.password,
        u1_0.preferred_units,
        u1_0.role 
    from
        users u1_0 
    where
        u1_0.email=?
Hibernate: 
    select
        u1_0.id,
        u1_0.department,
        u1_0.email,
        u1_0.goal_visibility,
        u1_0.name,
        u1_0.org_id,
        u1_0.password,
        u1_0.preferred_units,
        u1_0.role 
    from
        users u1_0 
    where
        u1_0.email=?
Hibernate: 
    select
        u1_0.id,
        u1_0.department,
        u1_0.email,
        u1_0.goal_visibility,
        u1_0.name,
        u1_0.org_id,
        u1_0.password,
        u1_0.preferred_units,
        u1_0.role 
    from
        users u1_0 
    where
        u1_0.email=?
Hibernate: 
    select
        u1_0.id,
        u1_0.department,
        u1_0.email,
        u1_0.goal_visibility,
        u1_0.name,
        u1_0.org_id,
        u1_0.password,
        u1_0.preferred_units,
        u1_0.role 
    from
        users u1_0 
    where
        u1_0.email=?
Hibernate: 
    select
        u1_0.id,
        u1_0.department,
        u1_0.email,
        u1_0.goal_visibility,
        u1_0.name,
        u1_0.org_id,
        u1_0.password,
        u1_0.preferred_units,
        u1_0.role 
    from
        users u1_0 
    where
        u1_0.email=?
Hibernate: 
    select
        g1_0.id,
        g1_0.created_at,
        g1_0.current_value,
        g1_0.end_date,
        g1_0.goal_name,
        g1_0.start_date,
        g1_0.status,
        g1_0.target_value,
        g1_0.unit,
        g1_0.user_id 
    from
        goals g1_0 
    where
        g1_0.user_id=?
Hibernate: 
    select
        u1_0.id,
        u1_0.department,
        u1_0.email,
        u1_0.goal_visibility,
        u1_0.name,
        u1_0.org_id,
        u1_0.password,
        u1_0.preferred_units,
        u1_0.role 
    from
        users u1_0 
    where
        u1_0.email=?
Hibernate: 
    select
        u1_0.id,
        u1_0.department,
        u1_0.email,
        u1_0.goal_visibility,
        u1_0.name,
        u1_0.org_id,
        u1_0.password,
        u1_0.preferred_units,
        u1_0.role 
    from
        users u1_0 
    where
        u1_0.email=?
Hibernate: 
    select
        al1_0.id,
        al1_0.activity_type,
        al1_0.category,
        al1_0.created_at,
        al1_0.emission,
        al1_0.log_date,
        al1_0.quantity,
        al1_0.unit,
        al1_0.user_id 
    from
        activity_logs al1_0 
    where
        al1_0.user_id=? 
    order by
        al1_0.log_date desc
Hibernate: 
    select
        u1_0.id,
        u1_0.department,
        u1_0.email,
        u1_0.goal_visibility,
        u1_0.name,
        u1_0.org_id,
        u1_0.password,
        u1_0.preferred_units,
        u1_0.role 
    from
        users u1_0 
    where
        u1_0.email=?
Hibernate: 
    select
        u1_0.id,
        u1_0.department,
        u1_0.email,
        u1_0.goal_visibility,
        u1_0.name,
        u1_0.org_id,
        u1_0.password,
        u1_0.preferred_units,
        u1_0.role 
    from
        users u1_0 
    where
        u1_0.email=?
Hibernate: 
    select
        u1_0.id,
        u1_0.department,
        u1_0.email,
        u1_0.goal_visibility,
        u1_0.name,
        u1_0.org_id,
        u1_0.password,
        u1_0.preferred_units,
        u1_0.role 
    from
        users u1_0 
    where
        u1_0.email=?
Hibernate: 
    select
        g1_0.id,
        g1_0.created_at,
        g1_0.current_value,
        g1_0.end_date,
        g1_0.goal_name,
        g1_0.start_date,
        g1_0.status,
        g1_0.target_value,
        g1_0.unit,
        g1_0.user_id 
    from
        goals g1_0 
    where
        g1_0.user_id=?
Hibernate: 
    select
        u1_0.id,
        u1_0.department,
        u1_0.email,
        u1_0.goal_visibility,
        u1_0.name,
        u1_0.org_id,
        u1_0.password,
        u1_0.preferred_units,
        u1_0.role 
    from
        users u1_0 
    where
        u1_0.email=?
Hibernate: 
    select
        u1_0.id,
        u1_0.department,
        u1_0.email,
        u1_0.goal_visibility,
        u1_0.name,
        u1_0.org_id,
        u1_0.password,
        u1_0.preferred_units,
        u1_0.role 
    from
        users u1_0 
    where
        u1_0.email=?
Hibernate: 
    select
        al1_0.id,
        al1_0.activity_type,
        al1_0.category,
        al1_0.created_at,
        al1_0.emission,
        al1_0.log_date,
        al1_0.quantity,
        al1_0.unit,
        al1_0.user_id 
    from
        activity_logs al1_0 
    where
        al1_0.user_id=? 
    order by
        al1_0.log_date desc
Hibernate: 
    select
        u1_0.id,
        u1_0.department,
        u1_0.email,
        u1_0.goal_visibility,
        u1_0.name,
        u1_0.org_id,
        u1_0.password,
        u1_0.preferred_units,
        u1_0.role 
    from
        users u1_0 
    where
        u1_0.email=?
Hibernate: 
    select
        u1_0.id,
        u1_0.department,
        u1_0.email,
        u1_0.goal_visibility,
        u1_0.name,
        u1_0.org_id,
        u1_0.password,
        u1_0.preferred_units,
        u1_0.role 
    from
        users u1_0 
    where
        u1_0.email=?
Hibernate: 
    select
        u1_0.id,
        u1_0.department,
        u1_0.email,
        u1_0.goal_visibility,
        u1_0.name,
        u1_0.org_id,
        u1_0.password,
        u1_0.preferred_units,
        u1_0.role 
    from
        users u1_0 
    where
        u1_0.email=?
Hibernate: 
    select
        u1_0.id,
        u1_0.department,
        u1_0.email,
        u1_0.goal_visibility,
        u1_0.name,
        u1_0.org_id,
        u1_0.password,
        u1_0.preferred_units,
        u1_0.role 
    from
        users u1_0 
    where
        u1_0.email=?
Hibernate: 
    select
        u1_0.id,
        u1_0.department,
        u1_0.email,
        u1_0.goal_visibility,
        u1_0.name,
        u1_0.org_id,
        u1_0.password,
        u1_0.preferred_units,
        u1_0.role 
    from
        users u1_0 
    where
        u1_0.email=?
Hibernate: 
    select
        u1_0.id,
        u1_0.department,
        u1_0.email,
        u1_0.goal_visibility,
        u1_0.name,
        u1_0.org_id,
        u1_0.password,
        u1_0.preferred_units,
        u1_0.role 
    from
        users u1_0 
    where
        u1_0.email=?
Hibernate: 
    select
        g1_0.id,
        g1_0.created_at,
        g1_0.current_value,
        g1_0.end_date,
        g1_0.goal_name,
        g1_0.start_date,
        g1_0.status,
        g1_0.target_value,
        g1_0.unit,
        g1_0.user_id 
    from
        goals g1_0 
    where
        g1_0.user_id=?
Hibernate: 
    select
        al1_0.id,
        al1_0.activity_type,
        al1_0.category,
        al1_0.created_at,
        al1_0.emission,
        al1_0.log_date,
        al1_0.quantity,
        al1_0.unit,
        al1_0.user_id 
    from
        activity_logs al1_0 
    where
        al1_0.user_id=? 
    order by
        al1_0.log_date desc
Hibernate: 
    select
        u1_0.id,
        u1_0.department,
        u1_0.email,
        u1_0.goal_visibility,
        u1_0.name,
        u1_0.org_id,
        u1_0.password,
        u1_0.preferred_units,
        u1_0.role 
    from
        users u1_0 
    where
        u1_0.email=?
Hibernate: 
    select
        u1_0.id,
        u1_0.department,
        u1_0.email,
        u1_0.goal_visibility,
        u1_0.name,
        u1_0.org_id,
        u1_0.password,
        u1_0.preferred_units,
        u1_0.role 
    from
        users u1_0 
    where
        u1_0.email=?
Hibernate: 
    select
        u1_0.id,
        u1_0.department,
        u1_0.email,
        u1_0.goal_visibility,
        u1_0.name,
        u1_0.org_id,
        u1_0.password,
        u1_0.preferred_units,
        u1_0.role 
    from
        users u1_0 
    where
        u1_0.email=?
Hibernate: 
    select
        u1_0.id,
        u1_0.department,
        u1_0.email,
        u1_0.goal_visibility,
        u1_0.name,
        u1_0.org_id,
        u1_0.password,
        u1_0.preferred_units,
        u1_0.role 
    from
        users u1_0 
    where
        u1_0.email=?
Hibernate: 
    select
        u1_0.id,
        u1_0.department,
        u1_0.email,
        u1_0.goal_visibility,
        u1_0.name,
        u1_0.org_id,
        u1_0.password,
        u1_0.preferred_units,
        u1_0.role 
    from
        users u1_0 
    where
        u1_0.email=?
Hibernate: 
    select
        al1_0.id,
        al1_0.activity_type,
        al1_0.category,
        al1_0.created_at,
        al1_0.emission,
        al1_0.log_date,
        al1_0.quantity,
        al1_0.unit,
        al1_0.user_id 
    from
        activity_logs al1_0 
    where
        al1_0.user_id=? 
    order by
        al1_0.log_date desc
Hibernate: 
    select
        u1_0.id,
        u1_0.department,
        u1_0.email,
        u1_0.goal_visibility,
        u1_0.name,
        u1_0.org_id,
        u1_0.password,
        u1_0.preferred_units,
        u1_0.role 
    from
        users u1_0 
    where
        u1_0.email=?
Hibernate: 
    select
        g1_0.id,
        g1_0.created_at,
        g1_0.current_value,
        g1_0.end_date,
        g1_0.goal_name,
        g1_0.start_date,
        g1_0.status,
        g1_0.target_value,
        g1_0.unit,
        g1_0.user_id 
    from
        goals g1_0 
    where
        g1_0.user_id=?
Hibernate: 
    select
        u1_0.id,
        u1_0.department,
        u1_0.email,
        u1_0.goal_visibility,
        u1_0.name,
        u1_0.org_id,
        u1_0.password,
        u1_0.preferred_units,
        u1_0.role 
    from
        users u1_0 
    where
        u1_0.email=?
Hibernate: 
    select
        u1_0.id,
        u1_0.department,
        u1_0.email,
        u1_0.goal_visibility,
        u1_0.name,
        u1_0.org_id,
        u1_0.password,
        u1_0.preferred_units,
        u1_0.role 
    from
        users u1_0 
    where
        u1_0.email=?
Hibernate: 
    select
        u1_0.id,
        u1_0.department,
        u1_0.email,
        u1_0.goal_visibility,
        u1_0.name,
        u1_0.org_id,
        u1_0.password,
        u1_0.preferred_units,
        u1_0.role 
    from
        users u1_0 
    where
        u1_0.email=?
Hibernate: 
    select
        u1_0.id,
        u1_0.department,
        u1_0.email,
        u1_0.goal_visibility,
        u1_0.name,
        u1_0.org_id,
        u1_0.password,
        u1_0.preferred_units,
        u1_0.role 
    from
        users u1_0 
    where
        u1_0.email=?
Hibernate: 
    select
        u1_0.id,
        u1_0.department,
        u1_0.email,
        u1_0.goal_visibility,
        u1_0.name,
        u1_0.org_id,
        u1_0.password,
        u1_0.preferred_units,
        u1_0.role 
    from
        users u1_0 
    where
        u1_0.email=?
Hibernate: 
    select
        u1_0.id,
        u1_0.department,
        u1_0.email,
        u1_0.goal_visibility,
        u1_0.name,
        u1_0.org_id,
        u1_0.password,
        u1_0.preferred_units,
        u1_0.role 
    from
        users u1_0 
    where
        u1_0.email=?
Hibernate: 
    select
        u1_0.id,
        u1_0.department,
        u1_0.email,
        u1_0.goal_visibility,
        u1_0.name,
        u1_0.org_id,
        u1_0.password,
        u1_0.preferred_units,
        u1_0.role 
    from
        users u1_0 
    where
        u1_0.email=?
Hibernate: 
    select
        u1_0.id,
        u1_0.department,
        u1_0.email,
        u1_0.goal_visibility,
        u1_0.name,
        u1_0.org_id,
        u1_0.password,
        u1_0.preferred_units,
        u1_0.role 
    from
        users u1_0 
    where
        u1_0.email=?
Hibernate: 
    select
        u1_0.id,
        u1_0.department,
        u1_0.email,
        u1_0.goal_visibility,
        u1_0.name,
        u1_0.org_id,
        u1_0.password,
        u1_0.preferred_units,
        u1_0.role 
    from
        users u1_0 
    where
        u1_0.email=?
Hibernate: 
    select
        u1_0.id,
        u1_0.department,
        u1_0.email,
        u1_0.goal_visibility,
        u1_0.name,
        u1_0.org_id,
        u1_0.password,
        u1_0.preferred_units,
        u1_0.role 
    from
        users u1_0 
    where
        u1_0.email=?
Hibernate: 
    select
        u1_0.id,
        u1_0.department,
        u1_0.email,
        u1_0.goal_visibility,
        u1_0.name,
        u1_0.org_id,
        u1_0.password,
        u1_0.preferred_units,
        u1_0.role 
    from
        users u1_0 
    where
        u1_0.email=?
Hibernate: 
    select
        u1_0.id,
        u1_0.department,
        u1_0.email,
        u1_0.goal_visibility,
        u1_0.name,
        u1_0.org_id,
        u1_0.password,
        u1_0.preferred_units,
        u1_0.role 
    from
        users u1_0 
    where
        u1_0.email=?
Hibernate: 
    select
        u1_0.id,
        u1_0.department,
        u1_0.email,
        u1_0.goal_visibility,
        u1_0.name,
        u1_0.org_id,
        u1_0.password,
        u1_0.preferred_units,
        u1_0.role 
    from
        users u1_0 
    where
        u1_0.email=?
Hibernate: 
    select
        u1_0.id,
        u1_0.department,
        u1_0.email,
        u1_0.goal_visibility,
        u1_0.name,
        u1_0.org_id,
        u1_0.password,
        u1_0.preferred_units,
        u1_0.role 
    from
        users u1_0 
    where
        u1_0.email=?
Hibernate: 
    select
        al1_0.id,
        al1_0.activity_type,
        al1_0.category,
        al1_0.created_at,
        al1_0.emission,
        al1_0.log_date,
        al1_0.quantity,
        al1_0.unit,
        al1_0.user_id 
    from
        activity_logs al1_0 
    where
        al1_0.user_id=? 
    order by
        al1_0.log_date desc
Hibernate: 
    select
        g1_0.id,
        g1_0.created_at,
        g1_0.current_value,
        g1_0.end_date,
        g1_0.goal_name,
        g1_0.start_date,
        g1_0.status,
        g1_0.target_value,
        g1_0.unit,
        g1_0.user_id 
    from
        goals g1_0 
    where
        g1_0.user_id=?
Hibernate: 
    select
        u1_0.id,
        u1_0.department,
        u1_0.email,
        u1_0.goal_visibility,
        u1_0.name,
        u1_0.org_id,
        u1_0.password,
        u1_0.preferred_units,
        u1_0.role 
    from
        users u1_0 
    where
        u1_0.email=?
Hibernate: 
    select
        u1_0.id,
        u1_0.department,
        u1_0.email,
        u1_0.goal_visibility,
        u1_0.name,
        u1_0.org_id,
        u1_0.password,
        u1_0.preferred_units,
        u1_0.role 
    from
        users u1_0 
    where
        u1_0.email=?
Hibernate: 
    select
        u1_0.id,
        u1_0.department,
        u1_0.email,
        u1_0.goal_visibility,
        u1_0.name,
        u1_0.org_id,
        u1_0.password,
        u1_0.preferred_units,
        u1_0.role 
    from
        users u1_0 
    where
        u1_0.email=?
Hibernate: 
    select
        al1_0.id,
        al1_0.activity_type,
        al1_0.category,
        al1_0.created_at,
        al1_0.emission,
        al1_0.log_date,
        al1_0.quantity,
        al1_0.unit,
        al1_0.user_id 
    from
        activity_logs al1_0 
    where
        al1_0.user_id=? 
    order by
        al1_0.log_date desc
Hibernate: 
    select
        u1_0.id,
        u1_0.department,
        u1_0.email,
        u1_0.goal_visibility,
        u1_0.name,
        u1_0.org_id,
        u1_0.password,
        u1_0.preferred_units,
        u1_0.role 
    from
        users u1_0 
    where
        u1_0.email=?
Hibernate: 
    select
        u1_0.id,
        u1_0.department,
        u1_0.email,
        u1_0.goal_visibility,
        u1_0.name,
        u1_0.org_id,
        u1_0.password,
        u1_0.preferred_units,
        u1_0.role 
    from
        users u1_0 
    where
        u1_0.email=?
Hibernate: 
    select
        g1_0.id,
        g1_0.created_at,
        g1_0.current_value,
        g1_0.end_date,
        g1_0.goal_name,
        g1_0.start_date,
        g1_0.status,
        g1_0.target_value,
        g1_0.unit,
        g1_0.user_id 
    from
        goals g1_0 
    where
        g1_0.user_id=?
Hibernate: 
    select
        u1_0.id,
        u1_0.department,
        u1_0.email,
        u1_0.goal_visibility,
        u1_0.name,
        u1_0.org_id,
        u1_0.password,
        u1_0.preferred_units,
        u1_0.role 
    from
        users u1_0 
    where
        u1_0.email=?
Hibernate: 
    select
        u1_0.id,
        u1_0.department,
        u1_0.email,
        u1_0.goal_visibility,
        u1_0.name,
        u1_0.org_id,
        u1_0.password,
        u1_0.preferred_units,
        u1_0.role 
    from
        users u1_0 
    where
        u1_0.email=?
Hibernate: 
    select
        u1_0.id,
        u1_0.department,
        u1_0.email,
        u1_0.goal_visibility,
        u1_0.name,
        u1_0.org_id,
        u1_0.password,
        u1_0.preferred_units,
        u1_0.role 
    from
        users u1_0 
    where
        u1_0.email=?
Hibernate: 
    select
        u1_0.id,
        u1_0.department,
        u1_0.email,
        u1_0.goal_visibility,
        u1_0.name,
        u1_0.org_id,
        u1_0.password,
        u1_0.preferred_units,
        u1_0.role 
    from
        users u1_0 
    where
        u1_0.email=?
Hibernate: 
    select
        u1_0.id,
        u1_0.department,
        u1_0.email,
        u1_0.goal_visibility,
        u1_0.name,
        u1_0.org_id,
        u1_0.password,
        u1_0.preferred_units,
        u1_0.role 
    from
        users u1_0 
    where
        u1_0.email=?
Hibernate: 
    select
        u1_0.id,
        u1_0.department,
        u1_0.email,
        u1_0.goal_visibility,
        u1_0.name,
        u1_0.org_id,
        u1_0.password,
        u1_0.preferred_units,
        u1_0.role 
    from
        users u1_0 
    where
        u1_0.email=?
Hibernate: 
    select
        u1_0.id,
        u1_0.department,
        u1_0.email,
        u1_0.goal_visibility,
        u1_0.name,
        u1_0.org_id,
        u1_0.password,
        u1_0.preferred_units,
        u1_0.role 
    from
        users u1_0 
    where
        u1_0.email=?
Hibernate: 
    select
        u1_0.id,
        u1_0.department,
        u1_0.email,
        u1_0.goal_visibility,
        u1_0.name,
        u1_0.org_id,
        u1_0.password,
        u1_0.preferred_units,
        u1_0.role 
    from
        users u1_0 
    where
        u1_0.email=?
Hibernate: 
    select
        g1_0.id,
        g1_0.created_at,
        g1_0.current_value,
        g1_0.end_date,
        g1_0.goal_name,
        g1_0.start_date,
        g1_0.status,
        g1_0.target_value,
        g1_0.unit,
        g1_0.user_id 
    from
        goals g1_0 
    where
        g1_0.user_id=?
Hibernate: 
    select
        u1_0.id,
        u1_0.department,
        u1_0.email,
        u1_0.goal_visibility,
        u1_0.name,
        u1_0.org_id,
        u1_0.password,
        u1_0.preferred_units,
        u1_0.role 
    from
        users u1_0 
    where
        u1_0.email=?
Hibernate: 
    select
        u1_0.id,
        u1_0.department,
        u1_0.email,
        u1_0.goal_visibility,
        u1_0.name,
        u1_0.org_id,
        u1_0.password,
        u1_0.preferred_units,
        u1_0.role 
    from
        users u1_0 
    where
        u1_0.email=?
Hibernate: 
    select
        u1_0.id,
        u1_0.department,
        u1_0.email,
        u1_0.goal_visibility,
        u1_0.name,
        u1_0.org_id,
        u1_0.password,
        u1_0.preferred_units,
        u1_0.role 
    from
        users u1_0 
    where
        u1_0.email=?
Hibernate: 
    select
        al1_0.id,
        al1_0.activity_type,
        al1_0.category,
        al1_0.created_at,
        al1_0.emission,
        al1_0.log_date,
        al1_0.quantity,
        al1_0.unit,
        al1_0.user_id 
    from
        activity_logs al1_0 
    where
        al1_0.user_id=? 
    order by
        al1_0.log_date desc
Hibernate: 
    select
        u1_0.id,
        u1_0.department,
        u1_0.email,
        u1_0.goal_visibility,
        u1_0.name,
        u1_0.org_id,
        u1_0.password,
        u1_0.preferred_units,
        u1_0.role 
    from
        users u1_0 
    where
        u1_0.email=?
Hibernate: 
    select
        g1_0.id,
        g1_0.created_at,
        g1_0.current_value,
        g1_0.end_date,
        g1_0.goal_name,
        g1_0.start_date,
        g1_0.status,
        g1_0.target_value,
        g1_0.unit,
        g1_0.user_id 
    from
        goals g1_0 
    where
        g1_0.user_id=?
Hibernate: 
    select
        u1_0.id,
        u1_0.department,
        u1_0.email,
        u1_0.goal_visibility,
        u1_0.name,
        u1_0.org_id,
        u1_0.password,
        u1_0.preferred_units,
        u1_0.role 
    from
        users u1_0 
    where
        u1_0.email=?
Hibernate: 
    select
        u1_0.id,
        u1_0.department,
        u1_0.email,
        u1_0.goal_visibility,
        u1_0.name,
        u1_0.org_id,
        u1_0.password,
        u1_0.preferred_units,
        u1_0.role 
    from
        users u1_0 
    where
        u1_0.email=?
Hibernate: 
    select
        u1_0.id,
        u1_0.department,
        u1_0.email,
        u1_0.goal_visibility,
        u1_0.name,
        u1_0.org_id,
        u1_0.password,
        u1_0.preferred_units,
        u1_0.role 
    from
        users u1_0 
    where
        u1_0.email=?
Hibernate: 
    select
        al1_0.id,
        al1_0.activity_type,
        al1_0.category,
        al1_0.created_at,
        al1_0.emission,
        al1_0.log_date,
        al1_0.quantity,
        al1_0.unit,
        al1_0.user_id 
    from
        activity_logs al1_0 
    where
        al1_0.user_id=? 
    order by
        al1_0.log_date desc
Hibernate: 
    select
        u1_0.id,
        u1_0.department,
        u1_0.email,
        u1_0.goal_visibility,
        u1_0.name,
        u1_0.org_id,
        u1_0.password,
        u1_0.preferred_units,
        u1_0.role 
    from
        users u1_0 
    where
        u1_0.email=?
Hibernate: 
    select
        u1_0.id,
        u1_0.department,
        u1_0.email,
        u1_0.goal_visibility,
        u1_0.name,
        u1_0.org_id,
        u1_0.password,
        u1_0.preferred_units,
        u1_0.role 
    from
        users u1_0 
    where
        u1_0.email=?
Hibernate: 
    select
        u1_0.id,
        u1_0.department,
        u1_0.email,
        u1_0.goal_visibility,
        u1_0.name,
        u1_0.org_id,
        u1_0.password,
        u1_0.preferred_units,
        u1_0.role 
    from
        users u1_0 
    where
        u1_0.email=?
Hibernate: 
    select
        u1_0.id,
        u1_0.department,
        u1_0.email,
        u1_0.goal_visibility,
        u1_0.name,
        u1_0.org_id,
        u1_0.password,
        u1_0.preferred_units,
        u1_0.role 
    from
        users u1_0 
    where
        u1_0.email=?
Hibernate: 
    select
        u1_0.id,
        u1_0.department,
        u1_0.email,
        u1_0.goal_visibility,
        u1_0.name,
        u1_0.org_id,
        u1_0.password,
        u1_0.preferred_units,
        u1_0.role 
    from
        users u1_0 
    where
        u1_0.email=?
Hibernate: 
    select
        u1_0.id,
        u1_0.department,
        u1_0.email,
        u1_0.goal_visibility,
        u1_0.name,
        u1_0.org_id,
        u1_0.password,
        u1_0.preferred_units,
        u1_0.role 
    from
        users u1_0 
    where
        u1_0.email=?
Hibernate: 
    select
        u1_0.id,
        u1_0.department,
        u1_0.email,
        u1_0.goal_visibility,
        u1_0.name,
        u1_0.org_id,
        u1_0.password,
        u1_0.preferred_units,
        u1_0.role 
    from
        users u1_0 
    where
        u1_0.email=?
Hibernate: 
    select
        u1_0.id,
        u1_0.department,
        u1_0.email,
        u1_0.goal_visibility,
        u1_0.name,
        u1_0.org_id,
        u1_0.password,
        u1_0.preferred_units,
        u1_0.role 
    from
        users u1_0 
    where
        u1_0.email=?
Hibernate: 
    select
        coalesce(sum(al1_0.emission), 0) 
    from
        activity_logs al1_0 
    where
        al1_0.user_id=? 
        and al1_0.log_date>=?
Hibernate: 
    select
        al1_0.activity_type,
        coalesce(sum(al1_0.emission), 0) 
    from
        activity_logs al1_0 
    where
        al1_0.user_id=? 
        and al1_0.log_date>=? 
    group by
        al1_0.activity_type 
    order by
        2 desc
Hibernate: 
    select
        u1_0.id,
        u1_0.department,
        u1_0.email,
        u1_0.goal_visibility,
        u1_0.name,
        u1_0.org_id,
        u1_0.password,
        u1_0.preferred_units,
        u1_0.role 
    from
        users u1_0 
    where
        u1_0.email=?
Hibernate: 
    select
        u1_0.id,
        u1_0.department,
        u1_0.email,
        u1_0.goal_visibility,
        u1_0.name,
        u1_0.org_id,
        u1_0.password,
        u1_0.preferred_units,
        u1_0.role 
    from
        users u1_0 
    where
        u1_0.email=?
Hibernate: 
    select
        coalesce(sum(al1_0.emission), 0) 
    from
        activity_logs al1_0 
    where
        al1_0.user_id=? 
        and al1_0.log_date>=?
Hibernate: 
    select
        al1_0.activity_type,
        coalesce(sum(al1_0.emission), 0) 
    from
        activity_logs al1_0 
    where
        al1_0.user_id=? 
        and al1_0.log_date>=? 
    group by
        al1_0.activity_type 
    order by
        2 desc
Hibernate: 
    select
        u1_0.id,
        u1_0.department,
        u1_0.email,
        u1_0.goal_visibility,
        u1_0.name,
        u1_0.org_id,
        u1_0.password,
        u1_0.preferred_units,
        u1_0.role 
    from
        users u1_0 
    where
        u1_0.email=?
Hibernate: 
    select
        u1_0.id,
        u1_0.department,
        u1_0.email,
        u1_0.goal_visibility,
        u1_0.name,
        u1_0.org_id,
        u1_0.password,
        u1_0.preferred_units,
        u1_0.role 
    from
        users u1_0 
    where
        u1_0.email=?
Hibernate: 
    select
        coalesce(sum(al1_0.emission), 0) 
    from
        activity_logs al1_0 
    where
        al1_0.user_id=? 
        and al1_0.log_date>=?
Hibernate: 
    select
        al1_0.activity_type,
        coalesce(sum(al1_0.emission), 0) 
    from
        activity_logs al1_0 
    where
        al1_0.user_id=? 
        and al1_0.log_date>=? 
    group by
        al1_0.activity_type 
    order by
        2 desc
Hibernate: 
    select
        u1_0.id,
        u1_0.department,
        u1_0.email,
        u1_0.goal_visibility,
        u1_0.name,
        u1_0.org_id,
        u1_0.password,
        u1_0.preferred_units,
        u1_0.role 
    from
        users u1_0 
    where
        u1_0.email=?
Hibernate: 
    select
        u1_0.id,
        u1_0.department,
        u1_0.email,
        u1_0.goal_visibility,
        u1_0.name,
        u1_0.org_id,
        u1_0.password,
        u1_0.preferred_units,
        u1_0.role 
    from
        users u1_0 
    where
        u1_0.email=?
Hibernate: 
    select
        coalesce(sum(al1_0.emission), 0) 
    from
        activity_logs al1_0 
    where
        al1_0.user_id=? 
        and al1_0.log_date>=?
Hibernate: 
    select
        al1_0.activity_type,
        coalesce(sum(al1_0.emission), 0) 
    from
        activity_logs al1_0 
    where
        al1_0.user_id=? 
        and al1_0.log_date>=? 
    group by
        al1_0.activity_type 
    order by
        2 desc
2026-07-17T03:04:34.585+05:30  WARN 15052 --- [carbontrack] [l-1:housekeeper] com.zaxxer.hikari.pool.HikariPool        : HikariPool-1 - Thread starvation or clock leap detected (housekeeper delta=19m15s99ms488µs300ns).
2026-07-17T12:47:02.602+05:30  WARN 15052 --- [carbontrack] [l-1:housekeeper] com.zaxxer.hikari.pool.HikariPool        : HikariPool-1 - Thread starvation or clock leap detected (housekeeper delta=9h42m36s714ms123µs600ns).
Hibernate: 
    select
        u1_0.id,
        u1_0.department,
        u1_0.email,
        u1_0.goal_visibility,
        u1_0.name,
        u1_0.org_id,
        u1_0.password,
        u1_0.preferred_units,
        u1_0.role 
    from
        users u1_0 
    where
        u1_0.email=?
Hibernate: 
    select
        u1_0.id,
        u1_0.department,
        u1_0.email,
        u1_0.goal_visibility,
        u1_0.name,
        u1_0.org_id,
        u1_0.password,
        u1_0.preferred_units,
        u1_0.role 
    from
        users u1_0 
    where
        u1_0.email=?
Hibernate: 
    select
        u1_0.id,
        u1_0.department,
        u1_0.email,
        u1_0.goal_visibility,
        u1_0.name,
        u1_0.org_id,
        u1_0.password,
        u1_0.preferred_units,
        u1_0.role 
    from
        users u1_0 
    where
        u1_0.email=?
Hibernate: 
    select
        u1_0.id,
        u1_0.department,
        u1_0.email,
        u1_0.goal_visibility,
        u1_0.name,
        u1_0.org_id,
        u1_0.password,
        u1_0.preferred_units,
        u1_0.role 
    from
        users u1_0 
    where
        u1_0.email=?
Hibernate: 
    select
        u1_0.id,
        u1_0.department,
        u1_0.email,
        u1_0.goal_visibility,
        u1_0.name,
        u1_0.org_id,
        u1_0.password,
        u1_0.preferred_units,
        u1_0.role 
    from
        users u1_0 
    where
        u1_0.email=?
Hibernate: 
    select
        u1_0.id,
        u1_0.department,
        u1_0.email,
        u1_0.goal_visibility,
        u1_0.name,
        u1_0.org_id,
        u1_0.password,
        u1_0.preferred_units,
        u1_0.role 
    from
        users u1_0 
    where
        u1_0.email=?
Hibernate: 
    select
        al1_0.id,
        al1_0.activity_type,
        al1_0.category,
        al1_0.created_at,
        al1_0.emission,
        al1_0.log_date,
        al1_0.quantity,
        al1_0.unit,
        al1_0.user_id 
    from
        activity_logs al1_0 
    where
        al1_0.user_id=? 
    order by
        al1_0.log_date desc
Hibernate: 
    select
        g1_0.id,
        g1_0.created_at,
        g1_0.current_value,
        g1_0.end_date,
        g1_0.goal_name,
        g1_0.start_date,
        g1_0.status,
        g1_0.target_value,
        g1_0.unit,
        g1_0.user_id 
    from
        goals g1_0 
    where
        g1_0.user_id=?
Hibernate: 
    select
        u1_0.id,
        u1_0.department,
        u1_0.email,
        u1_0.goal_visibility,
        u1_0.name,
        u1_0.org_id,
        u1_0.password,
        u1_0.preferred_units,
        u1_0.role 
    from
        users u1_0 
    where
        u1_0.email=?
Hibernate: 
    select
        u1_0.id,
        u1_0.department,
        u1_0.email,
        u1_0.goal_visibility,
        u1_0.name,
        u1_0.org_id,
        u1_0.password,
        u1_0.preferred_units,
        u1_0.role 
    from
        users u1_0 
    where
        u1_0.email=?
Hibernate: 
    select
        u1_0.id,
        u1_0.department,
        u1_0.email,
        u1_0.goal_visibility,
        u1_0.name,
        u1_0.org_id,
        u1_0.password,
        u1_0.preferred_units,
        u1_0.role 
    from
        users u1_0 
    where
        u1_0.email=?
Hibernate: 
    select
        u1_0.id,
        u1_0.department,
        u1_0.email,
        u1_0.goal_visibility,
        u1_0.name,
        u1_0.org_id,
        u1_0.password,
        u1_0.preferred_units,
        u1_0.role 
    from
        users u1_0 
    where
        u1_0.email=?
Hibernate: 
    select
        g1_0.id,
        g1_0.created_at,
        g1_0.current_value,
        g1_0.end_date,
        g1_0.goal_name,
        g1_0.start_date,
        g1_0.status,
        g1_0.target_value,
        g1_0.unit,
        g1_0.user_id 
    from
        goals g1_0 
    where
        g1_0.user_id=?
Hibernate: 
    select
        u1_0.id,
        u1_0.department,
        u1_0.email,
        u1_0.goal_visibility,
        u1_0.name,
        u1_0.org_id,
        u1_0.password,
        u1_0.preferred_units,
        u1_0.role 
    from
        users u1_0 
    where
        u1_0.email=?
Hibernate: 
    select
        u1_0.id,
        u1_0.department,
        u1_0.email,
        u1_0.goal_visibility,
        u1_0.name,
        u1_0.org_id,
        u1_0.password,
        u1_0.preferred_units,
        u1_0.role 
    from
        users u1_0 
    where
        u1_0.email=?
Hibernate: 
    select
        al1_0.id,
        al1_0.activity_type,
        al1_0.category,
        al1_0.created_at,
        al1_0.emission,
        al1_0.log_date,
        al1_0.quantity,
        al1_0.unit,
        al1_0.user_id 
    from
        activity_logs al1_0 
    where
        al1_0.user_id=? 
    order by
        al1_0.log_date desc
Hibernate: 
    select
        u1_0.id,
        u1_0.department,
        u1_0.email,
        u1_0.goal_visibility,
        u1_0.name,
        u1_0.org_id,
        u1_0.password,
        u1_0.preferred_units,
        u1_0.role 
    from
        users u1_0 
    where
        u1_0.email=?
Hibernate: 
    select
        u1_0.id,
        u1_0.department,
        u1_0.email,
        u1_0.goal_visibility,
        u1_0.name,
        u1_0.org_id,
        u1_0.password,
        u1_0.preferred_units,
        u1_0.role 
    from
        users u1_0 
    where
        u1_0.email=?
Hibernate: 
    select
        u1_0.id,
        u1_0.department,
        u1_0.email,
        u1_0.goal_visibility,
        u1_0.name,
        u1_0.org_id,
        u1_0.password,
        u1_0.preferred_units,
        u1_0.role 
    from
        users u1_0 
    where
        u1_0.email=?
Hibernate: 
    select
        u1_0.id,
        u1_0.department,
        u1_0.email,
        u1_0.goal_visibility,
        u1_0.name,
        u1_0.org_id,
        u1_0.password,
        u1_0.preferred_units,
        u1_0.role 
    from
        users u1_0 
    where
        u1_0.email=?
Hibernate: 
    select
        u1_0.id,
        u1_0.department,
        u1_0.email,
        u1_0.goal_visibility,
        u1_0.name,
        u1_0.org_id,
        u1_0.password,
        u1_0.preferred_units,
        u1_0.role 
    from
        users u1_0 
    where
        u1_0.email=?
Hibernate: 
    select
        u1_0.id,
        u1_0.department,
        u1_0.email,
        u1_0.goal_visibility,
        u1_0.name,
        u1_0.org_id,
        u1_0.password,
        u1_0.preferred_units,
        u1_0.role 
    from
        users u1_0 
    where
        u1_0.email=?
Hibernate: 
    select
        u1_0.id,
        u1_0.department,
        u1_0.email,
        u1_0.goal_visibility,
        u1_0.name,
        u1_0.org_id,
        u1_0.password,
        u1_0.preferred_units,
        u1_0.role 
    from
        users u1_0 
    where
        u1_0.email=?
Hibernate: 
    select
        u1_0.id,
        u1_0.department,
        u1_0.email,
        u1_0.goal_visibility,
        u1_0.name,
        u1_0.org_id,
        u1_0.password,
        u1_0.preferred_units,
        u1_0.role 
    from
        users u1_0 
    where
        u1_0.email=?
Hibernate: 
    select
        u1_0.id,
        u1_0.department,
        u1_0.email,
        u1_0.goal_visibility,
        u1_0.name,
        u1_0.org_id,
        u1_0.password,
        u1_0.preferred_units,
        u1_0.role 
    from
        users u1_0 
    where
        u1_0.email=?
Hibernate: 
    select
        u1_0.id,
        u1_0.department,
        u1_0.email,
        u1_0.goal_visibility,
        u1_0.name,
        u1_0.org_id,
        u1_0.password,
        u1_0.preferred_units,
        u1_0.role 
    from
        users u1_0 
    where
        u1_0.email=?
Hibernate: 
    select
        u1_0.id,
        u1_0.department,
        u1_0.email,
        u1_0.goal_visibility,
        u1_0.name,
        u1_0.org_id,
        u1_0.password,
        u1_0.preferred_units,
        u1_0.role 
    from
        users u1_0 
    where
        u1_0.email=?
Hibernate: 
    select
        u1_0.id,
        u1_0.department,
        u1_0.email,
        u1_0.goal_visibility,
        u1_0.name,
        u1_0.org_id,
        u1_0.password,
        u1_0.preferred_units,
        u1_0.role 
    from
        users u1_0 
    where
        u1_0.email=?
Hibernate: 
    select
        u1_0.id,
        u1_0.department,
        u1_0.email,
        u1_0.goal_visibility,
        u1_0.name,
        u1_0.org_id,
        u1_0.password,
        u1_0.preferred_units,
        u1_0.role 
    from
        users u1_0 
    where
        u1_0.email=?
Hibernate: 
    select
        g1_0.id,
        g1_0.created_at,
        g1_0.current_value,
        g1_0.end_date,
        g1_0.goal_name,
        g1_0.start_date,
        g1_0.status,
        g1_0.target_value,
        g1_0.unit,
        g1_0.user_id 
    from
        goals g1_0 
    where
        g1_0.user_id=?
Hibernate: 
    select
        al1_0.id,
        al1_0.activity_type,
        al1_0.category,
        al1_0.created_at,
        al1_0.emission,
        al1_0.log_date,
        al1_0.quantity,
        al1_0.unit,
        al1_0.user_id 
    from
        activity_logs al1_0 
    where
        al1_0.user_id=? 
    order by
        al1_0.log_date desc
Hibernate: 
    select
        u1_0.id,
        u1_0.department,
        u1_0.email,
        u1_0.goal_visibility,
        u1_0.name,
        u1_0.org_id,
        u1_0.password,
        u1_0.preferred_units,
        u1_0.role 
    from
        users u1_0 
    where
        u1_0.email=?
Hibernate: 
    select
        u1_0.id,
        u1_0.department,
        u1_0.email,
        u1_0.goal_visibility,
        u1_0.name,
        u1_0.org_id,
        u1_0.password,
        u1_0.preferred_units,
        u1_0.role 
    from
        users u1_0 
    where
        u1_0.email=?
Hibernate: 
    select
        u1_0.id,
        u1_0.department,
        u1_0.email,
        u1_0.goal_visibility,
        u1_0.name,
        u1_0.org_id,
        u1_0.password,
        u1_0.preferred_units,
        u1_0.role 
    from
        users u1_0 
    where
        u1_0.email=?
Hibernate: 
    select
        g1_0.id,
        g1_0.created_at,
        g1_0.current_value,
        g1_0.end_date,
        g1_0.goal_name,
        g1_0.start_date,
        g1_0.status,
        g1_0.target_value,
        g1_0.unit,
        g1_0.user_id 
    from
        goals g1_0 
    where
        g1_0.user_id=?
Hibernate: 
    select
        u1_0.id,
        u1_0.department,
        u1_0.email,
        u1_0.goal_visibility,
        u1_0.name,
        u1_0.org_id,
        u1_0.password,
        u1_0.preferred_units,
        u1_0.role 
    from
        users u1_0 
    where
        u1_0.email=?
Hibernate: 
    select
        u1_0.id,
        u1_0.department,
        u1_0.email,
        u1_0.goal_visibility,
        u1_0.name,
        u1_0.org_id,
        u1_0.password,
        u1_0.preferred_units,
        u1_0.role 
    from
        users u1_0 
    where
        u1_0.email=?
Hibernate: 
    select
        al1_0.id,
        al1_0.activity_type,
        al1_0.category,
        al1_0.created_at,
        al1_0.emission,
        al1_0.log_date,
        al1_0.quantity,
        al1_0.unit,
        al1_0.user_id 
    from
        activity_logs al1_0 
    where
        al1_0.user_id=? 
    order by
        al1_0.log_date desc
Hibernate: 
    select
        u1_0.id,
        u1_0.department,
        u1_0.email,
        u1_0.goal_visibility,
        u1_0.name,
        u1_0.org_id,
        u1_0.password,
        u1_0.preferred_units,
        u1_0.role 
    from
        users u1_0 
    where
        u1_0.email=?
Hibernate: 
    select
        u1_0.id,
        u1_0.department,
        u1_0.email,
        u1_0.goal_visibility,
        u1_0.name,
        u1_0.org_id,
        u1_0.password,
        u1_0.preferred_units,
        u1_0.role 
    from
        users u1_0 
    where
        u1_0.email=?
Hibernate: 
    select
        coalesce(sum(al1_0.emission), 0) 
    from
        activity_logs al1_0 
    where
        al1_0.user_id=? 
        and al1_0.log_date>=?
Hibernate: 
    select
        al1_0.activity_type,
        coalesce(sum(al1_0.emission), 0) 
    from
        activity_logs al1_0 
    where
        al1_0.user_id=? 
        and al1_0.log_date>=? 
    group by
        al1_0.activity_type 
    order by
        2 desc
Hibernate: 
    select
        u1_0.id,
        u1_0.department,
        u1_0.email,
        u1_0.goal_visibility,
        u1_0.name,
        u1_0.org_id,
        u1_0.password,
        u1_0.preferred_units,
        u1_0.role 
    from
        users u1_0 
    where
        u1_0.email=?
Hibernate: 
    select
        u1_0.id,
        u1_0.department,
        u1_0.email,
        u1_0.goal_visibility,
        u1_0.name,
        u1_0.org_id,
        u1_0.password,
        u1_0.preferred_units,
        u1_0.role 
    from
        users u1_0 
    where
        u1_0.email=?
Hibernate: 
    select
        al1_0.id,
        al1_0.activity_type,
        al1_0.category,
        al1_0.created_at,
        al1_0.emission,
        al1_0.log_date,
        al1_0.quantity,
        al1_0.unit,
        al1_0.user_id 
    from
        activity_logs al1_0 
    where
        al1_0.user_id=? 
    order by
        al1_0.log_date desc
Hibernate: 
    select
        u1_0.id,
        u1_0.department,
        u1_0.email,
        u1_0.goal_visibility,
        u1_0.name,
        u1_0.org_id,
        u1_0.password,
        u1_0.preferred_units,
        u1_0.role 
    from
        users u1_0 
    where
        u1_0.email=?
Hibernate: 
    select
        u1_0.id,
        u1_0.department,
        u1_0.email,
        u1_0.goal_visibility,
        u1_0.name,
        u1_0.org_id,
        u1_0.password,
        u1_0.preferred_units,
        u1_0.role 
    from
        users u1_0 
    where
        u1_0.email=?
Hibernate: 
    select
        al1_0.id,
        al1_0.activity_type,
        al1_0.category,
        al1_0.created_at,
        al1_0.emission,
        al1_0.log_date,
        al1_0.quantity,
        al1_0.unit,
        al1_0.user_id 
    from
        activity_logs al1_0 
    where
        al1_0.user_id=? 
    order by
        al1_0.log_date desc
Hibernate: 
    select
        u1_0.id,
        u1_0.department,
        u1_0.email,
        u1_0.goal_visibility,
        u1_0.name,
        u1_0.org_id,
        u1_0.password,
        u1_0.preferred_units,
        u1_0.role 
    from
        users u1_0 
    where
        u1_0.email=?
Hibernate: 
    select
        u1_0.id,
        u1_0.department,
        u1_0.email,
        u1_0.goal_visibility,
        u1_0.name,
        u1_0.org_id,
        u1_0.password,
        u1_0.preferred_units,
        u1_0.role 
    from
        users u1_0 
    where
        u1_0.email=?
Hibernate: 
    select
        g1_0.id,
        g1_0.created_at,
        g1_0.current_value,
        g1_0.end_date,
        g1_0.goal_name,
        g1_0.start_date,
        g1_0.status,
        g1_0.target_value,
        g1_0.unit,
        g1_0.user_id 
    from
        goals g1_0 
    where
        g1_0.user_id=?
Hibernate: 
    select
        u1_0.id,
        u1_0.department,
        u1_0.email,
        u1_0.goal_visibility,
        u1_0.name,
        u1_0.org_id,
        u1_0.password,
        u1_0.preferred_units,
        u1_0.role 
    from
        users u1_0 
    where
        u1_0.email=?
Hibernate: 
    select
        u1_0.id,
        u1_0.department,
        u1_0.email,
        u1_0.goal_visibility,
        u1_0.name,
        u1_0.org_id,
        u1_0.password,
        u1_0.preferred_units,
        u1_0.role 
    from
        users u1_0 
    where
        u1_0.email=?
Hibernate: 
    select
        g1_0.id,
        g1_0.created_at,
        g1_0.current_value,
        g1_0.end_date,
        g1_0.goal_name,
        g1_0.start_date,
        g1_0.status,
        g1_0.target_value,
        g1_0.unit,
        g1_0.user_id 
    from
        goals g1_0 
    where
        g1_0.user_id=?
[INFO] ------------------------------------------------------------------------
[INFO] BUILD FAILURE
[INFO] ------------------------------------------------------------------------
[INFO] Total time:  10:46 h
[INFO] Finished at: 2026-07-17T13:04:01+05:30
[INFO] ------------------------------------------------------------------------
[ERROR] Failed to execute goal org.springframework.boot:spring-boot-maven-plugin:4.1.0:run (default-cli) on project carbontrack: Process terminated with exit code: -1 -> [Help 1]
[ERROR] 
[ERROR] To see the full stack trace of the errors, re-run Maven with the -e switch.
[ERROR] Re-run Maven using the -X switch to enable full debug logging.
[ERROR] 
[ERROR] For more information about the errors and possible solutions, please read the following articles:
[ERROR] [Help 1] http://cwiki.apache.org/confluence/display/MAVEN/MojoExecutionException
